<?xml version="1.0" encoding="UTF-8"?>
<testng-results skipped="0" failed="0" total="1" passed="1">
  <reporter-output>
  </reporter-output>
  <suite name="Default suite" duration-ms="11886" started-at="2022-01-12T20:43:43Z" finished-at="2022-01-12T20:43:55Z">
    <groups>
    </groups>
    <test name="Default test" duration-ms="11886" started-at="2022-01-12T20:43:43Z" finished-at="2022-01-12T20:43:55Z">
      <class name="testing.FirstTestng">
        <test-method status="PASS" signature="verifyHomePageTitle()[pri:0, instance:testing.FirstTestng@7d3a22a9]" name="verifyHomePageTitle" duration-ms="11866" started-at="2022-01-13T02:13:43Z" finished-at="2022-01-13T02:13:55Z">
          <reporter-output>
          </reporter-output>
        </test-method> <!-- verifyHomePageTitle -->
      </class> <!-- testing.FirstTestng -->
    </test> <!-- Default test -->
  </suite> <!-- Default suite -->
</testng-results>
